# JRE version: Java(TM) SE Runtime Environment (10.0.2+13) (build 10.0.2+13)
# Java VM: Java HotSpot(TM) 64-Bit Server VM (10.0.2+13, mixed mode, tiered, compressed oops, g1 gc, windows-amd64)
Heap:
 garbage-first heap   total 1090560K, used 51632K [0x0000000081400000, 0x0000000100000000)
  region size 1024K, 3 young (3072K), 3 survivors (3072K)
 Metaspace       used 33724K, capacity 35566K, committed 36300K, reserved 1081344K
  class space    used 3416K, capacity 4093K, committed 4300K, reserved 1048576K
GC Heap History (10 events):
Event: 11651.138 GC heap after
{Heap after GC invocations=121 (full 0):
 garbage-first heap   total 432128K, used 46850K [0x0000000081400000, 0x0000000100000000)
  region size 1024K, 3 young (3072K), 3 survivors (3072K)
 Metaspace       used 33667K, capacity 35381K, committed 36300K, reserved 1081344K
  class space    used 3406K, capacity 4053K, committed 4300K, reserved 1048576K
}
Event: 12277.160 GC heap before
{Heap before GC invocations=121 (full 0):
 garbage-first heap   total 432128K, used 65282K [0x0000000081400000, 0x0000000100000000)
  region size 1024K, 21 young (21504K), 3 survivors (3072K)
 Metaspace       used 33724K, capacity 35566K, committed 36300K, reserved 1081344K
  class space    used 3416K, capacity 4093K, committed 4300K, reserved 1048576K
}
Event: 12296.563 GC heap after
{Heap after GC invocations=122 (full 0):
 garbage-first heap   total 432128K, used 47626K [0x0000000081400000, 0x0000000100000000)
  region size 1024K, 2 young (2048K), 2 survivors (2048K)
 Metaspace       used 33724K, capacity 35566K, committed 36300K, reserved 1081344K
  class space    used 3416K, capacity 4093K, committed 4300K, reserved 1048576K
}
Event: 12352.833 GC heap before
{Heap before GC invocations=122 (full 0):
 garbage-first heap   total 432128K, used 67082K [0x0000000081400000, 0x0000000100000000)
  region size 1024K, 21 young (21504K), 2 survivors (2048K)
 Metaspace       used 33724K, capacity 35566K, committed 36300K, reserved 1081344K
  class space    used 3416K, capacity 4093K, committed 4300K, reserved 1048576K
}
Event: 12353.609 GC heap after
{Heap after GC invocations=123 (full 0):
 garbage-first heap   total 432128K, used 48846K [0x0000000081400000, 0x0000000100000000)
  region size 1024K, 3 young (3072K), 3 survivors (3072K)
 Metaspace       used 33724K, capacity 35566K, committed 36300K, reserved 1081344K
  class space    used 3416K, capacity 4093K, committed 4300K, reserved 1048576K
}
Event: 12391.568 GC heap before
{Heap before GC invocations=123 (full 0):
 garbage-first heap   total 432128K, used 67278K [0x0000000081400000, 0x0000000100000000)
  region size 1024K, 21 young (21504K), 3 survivors (3072K)
 Metaspace       used 33724K, capacity 35566K, committed 36300K, reserved 1081344K
  class space    used 3416K, capacity 4093K, committed 4300K, reserved 1048576K
}
Event: 12398.690 GC heap after
{Heap after GC invocations=124 (full 0):
 garbage-first heap   total 432128K, used 49780K [0x0000000081400000, 0x0000000100000000)
  region size 1024K, 2 young (2048K), 2 survivors (2048K)
 Metaspace       used 33724K, capacity 35566K, committed 36300K, reserved 1081344K
  class space    used 3416K, capacity 4093K, committed 4300K, reserved 1048576K
}
Event: 12422.066 GC heap before
{Heap before GC invocations=124 (full 0):
 garbage-first heap   total 432128K, used 69236K [0x0000000081400000, 0x0000000100000000)
  region size 1024K, 21 young (21504K), 2 survivors (2048K)
 Metaspace       used 33724K, capacity 35566K, committed 36300K, reserved 1081344K
  class space    used 3416K, capacity 4093K, committed 4300K, reserved 1048576K
}
Event: 12429.880 GC heap after
{Heap after GC invocations=125 (full 0):
 garbage-first heap   total 432128K, used 50914K [0x0000000081400000, 0x0000000100000000)
  region size 1024K, 2 young (2048K), 2 survivors (2048K)
 Metaspace       used 33724K, capacity 35566K, committed 36300K, reserved 1081344K
  class space    used 3416K, capacity 4093K, committed 4300K, reserved 1048576K
}
Event: 12467.947 GC heap before
{Heap before GC invocations=125 (full 0):
 garbage-first heap   total 432128K, used 70370K [0x0000000081400000, 0x0000000100000000)
  region size 1024K, 21 young (21504K), 2 survivors (2048K)
 Metaspace       used 33724K, capacity 35566K, committed 36300K, reserved 1081344K
  class space    used 3416K, capacity 4093K, committed 4300K, reserved 1048576K
}

