# JRE version: Java(TM) SE Runtime Environment (10.0.2+13) (build 10.0.2+13)
# Java VM: Java HotSpot(TM) 64-Bit Server VM (10.0.2+13, mixed mode, tiered, compressed oops, g1 gc, windows-amd64)
Heap:
 garbage-first heap   total 536576K, used 38286K [0x0000000081400000, 0x0000000100000000)
  region size 1024K, 2 young (2048K), 2 survivors (2048K)
 Metaspace       used 33570K, capacity 35230K, committed 36096K, reserved 1081344K
  class space    used 3394K, capacity 4008K, committed 4224K, reserved 1048576K
GC Heap History (10 events):
Event: 12749.713 GC heap after
{Heap after GC invocations=105 (full 0):
 garbage-first heap   total 256000K, used 33572K [0x0000000081400000, 0x0000000100000000)
  region size 1024K, 2 young (2048K), 2 survivors (2048K)
 Metaspace       used 33570K, capacity 35230K, committed 36096K, reserved 1081344K
  class space    used 3394K, capacity 4008K, committed 4224K, reserved 1048576K
}
Event: 12751.567 GC heap before
{Heap before GC invocations=105 (full 0):
 garbage-first heap   total 256000K, used 43812K [0x0000000081400000, 0x0000000100000000)
  region size 1024K, 12 young (12288K), 2 survivors (2048K)
 Metaspace       used 33570K, capacity 35230K, committed 36096K, reserved 1081344K
  class space    used 3394K, capacity 4008K, committed 4224K, reserved 1048576K
}
Event: 12751.667 GC heap after
{Heap after GC invocations=106 (full 0):
 garbage-first heap   total 256000K, used 34763K [0x0000000081400000, 0x0000000100000000)
  region size 1024K, 2 young (2048K), 2 survivors (2048K)
 Metaspace       used 33570K, capacity 35230K, committed 36096K, reserved 1081344K
  class space    used 3394K, capacity 4008K, committed 4224K, reserved 1048576K
}
Event: 12757.071 GC heap before
{Heap before GC invocations=106 (full 0):
 garbage-first heap   total 256000K, used 45003K [0x0000000081400000, 0x0000000100000000)
  region size 1024K, 12 young (12288K), 2 survivors (2048K)
 Metaspace       used 33570K, capacity 35230K, committed 36096K, reserved 1081344K
  class space    used 3394K, capacity 4008K, committed 4224K, reserved 1048576K
}
Event: 12757.098 GC heap after
{Heap after GC invocations=107 (full 0):
 garbage-first heap   total 256000K, used 35798K [0x0000000081400000, 0x0000000100000000)
  region size 1024K, 2 young (2048K), 2 survivors (2048K)
 Metaspace       used 33570K, capacity 35230K, committed 36096K, reserved 1081344K
  class space    used 3394K, capacity 4008K, committed 4224K, reserved 1048576K
}
Event: 12759.841 GC heap before
{Heap before GC invocations=107 (full 0):
 garbage-first heap   total 256000K, used 46038K [0x0000000081400000, 0x0000000100000000)
  region size 1024K, 12 young (12288K), 2 survivors (2048K)
 Metaspace       used 33570K, capacity 35230K, committed 36096K, reserved 1081344K
  class space    used 3394K, capacity 4008K, committed 4224K, reserved 1048576K
}
Event: 12759.923 GC heap after
{Heap after GC invocations=108 (full 0):
 garbage-first heap   total 256000K, used 36619K [0x0000000081400000, 0x0000000100000000)
  region size 1024K, 2 young (2048K), 2 survivors (2048K)
 Metaspace       used 33570K, capacity 35230K, committed 36096K, reserved 1081344K
  class space    used 3394K, capacity 4008K, committed 4224K, reserved 1048576K
}
Event: 12761.735 GC heap before
{Heap before GC invocations=108 (full 0):
 garbage-first heap   total 256000K, used 46859K [0x0000000081400000, 0x0000000100000000)
  region size 1024K, 12 young (12288K), 2 survivors (2048K)
 Metaspace       used 33570K, capacity 35230K, committed 36096K, reserved 1081344K
  class space    used 3394K, capacity 4008K, committed 4224K, reserved 1048576K
}
Event: 12761.990 GC heap after
{Heap after GC invocations=109 (full 0):
 garbage-first heap   total 256000K, used 37383K [0x0000000081400000, 0x0000000100000000)
  region size 1024K, 2 young (2048K), 2 survivors (2048K)
 Metaspace       used 33570K, capacity 35230K, committed 36096K, reserved 1081344K
  class space    used 3394K, capacity 4008K, committed 4224K, reserved 1048576K
}
Event: 12764.262 GC heap before
{Heap before GC invocations=109 (full 0):
 garbage-first heap   total 256000K, used 47623K [0x0000000081400000, 0x0000000100000000)
  region size 1024K, 12 young (12288K), 2 survivors (2048K)
 Metaspace       used 33570K, capacity 35230K, committed 36096K, reserved 1081344K
  class space    used 3394K, capacity 4008K, committed 4224K, reserved 1048576K
}

