# JRE version: Java(TM) SE Runtime Environment (10.0.2+13) (build 10.0.2+13)
# Java VM: Java HotSpot(TM) 64-Bit Server VM (10.0.2+13, mixed mode, tiered, compressed oops, g1 gc, windows-amd64)
Heap:
 garbage-first heap   total 357376K, used 41473K [0x0000000081400000, 0x0000000100000000)
  region size 1024K, 1 young (1024K), 1 survivors (1024K)
 Metaspace       used 42003K, capacity 44008K, committed 44108K, reserved 1087488K
  class space    used 4471K, capacity 5154K, committed 5196K, reserved 1048576K
GC Heap History (10 events):
Event: 13001.972 GC heap after
{Heap after GC invocations=81 (full 0):
 garbage-first heap   total 157696K, used 37018K [0x0000000081400000, 0x0000000100000000)
  region size 1024K, 3 young (3072K), 3 survivors (3072K)
 Metaspace       used 41951K, capacity 43824K, committed 44108K, reserved 1087488K
  class space    used 4461K, capacity 5114K, committed 5196K, reserved 1048576K
}
Event: 13011.374 GC heap before
{Heap before GC invocations=81 (full 0):
 garbage-first heap   total 157696K, used 57498K [0x0000000081400000, 0x0000000100000000)
  region size 1024K, 23 young (23552K), 3 survivors (3072K)
 Metaspace       used 41951K, capacity 43824K, committed 44108K, reserved 1087488K
  class space    used 4461K, capacity 5114K, committed 5196K, reserved 1048576K
}
Event: 13011.831 GC heap after
{Heap after GC invocations=82 (full 0):
 garbage-first heap   total 157696K, used 38171K [0x0000000081400000, 0x0000000100000000)
  region size 1024K, 2 young (2048K), 2 survivors (2048K)
 Metaspace       used 41951K, capacity 43824K, committed 44108K, reserved 1087488K
  class space    used 4461K, capacity 5114K, committed 5196K, reserved 1048576K
}
Event: 13016.766 GC heap before
{Heap before GC invocations=82 (full 0):
 garbage-first heap   total 157696K, used 65819K [0x0000000081400000, 0x0000000100000000)
  region size 1024K, 29 young (29696K), 2 survivors (2048K)
 Metaspace       used 41951K, capacity 43824K, committed 44108K, reserved 1087488K
  class space    used 4461K, capacity 5114K, committed 5196K, reserved 1048576K
}
Event: 13017.286 GC heap after
{Heap after GC invocations=83 (full 0):
 garbage-first heap   total 157696K, used 39395K [0x0000000081400000, 0x0000000100000000)
  region size 1024K, 4 young (4096K), 4 survivors (4096K)
 Metaspace       used 41951K, capacity 43824K, committed 44108K, reserved 1087488K
  class space    used 4461K, capacity 5114K, committed 5196K, reserved 1048576K
}
Event: 13027.991 GC heap before
{Heap before GC invocations=83 (full 0):
 garbage-first heap   total 157696K, used 79331K [0x0000000081400000, 0x0000000100000000)
  region size 1024K, 43 young (44032K), 4 survivors (4096K)
 Metaspace       used 41951K, capacity 43824K, committed 44108K, reserved 1087488K
  class space    used 4461K, capacity 5114K, committed 5196K, reserved 1048576K
}
Event: 13028.604 GC heap after
{Heap after GC invocations=84 (full 0):
 garbage-first heap   total 157696K, used 40206K [0x0000000081400000, 0x0000000100000000)
  region size 1024K, 4 young (4096K), 4 survivors (4096K)
 Metaspace       used 41951K, capacity 43824K, committed 44108K, reserved 1087488K
  class space    used 4461K, capacity 5114K, committed 5196K, reserved 1048576K
}
Event: 13680.007 GC heap before
{Heap before GC invocations=84 (full 0):
 garbage-first heap   total 157696K, used 96526K [0x0000000081400000, 0x0000000100000000)
  region size 1024K, 59 young (60416K), 4 survivors (4096K)
 Metaspace       used 42003K, capacity 44008K, committed 44108K, reserved 1087488K
  class space    used 4471K, capacity 5154K, committed 5196K, reserved 1048576K
}
Event: 13719.454 GC heap after
{Heap after GC invocations=85 (full 0):
 garbage-first heap   total 157696K, used 41730K [0x0000000081400000, 0x0000000100000000)
  region size 1024K, 5 young (5120K), 5 survivors (5120K)
 Metaspace       used 42003K, capacity 44008K, committed 44108K, reserved 1087488K
  class space    used 4471K, capacity 5154K, committed 5196K, reserved 1048576K
}
Event: 13726.725 GC heap before
{Heap before GC invocations=85 (full 0):
 garbage-first heap   total 157696K, used 43778K [0x0000000081400000, 0x0000000100000000)
  region size 1024K, 7 young (7168K), 5 survivors (5120K)
 Metaspace       used 42003K, capacity 44008K, committed 44108K, reserved 1087488K
  class space    used 4471K, capacity 5154K, committed 5196K, reserved 1048576K
}

