# JRE version: Java(TM) SE Runtime Environment (10.0.2+13) (build 10.0.2+13)
# Java VM: Java HotSpot(TM) 64-Bit Server VM (10.0.2+13, mixed mode, tiered, compressed oops, g1 gc, windows-amd64)
Heap:
 garbage-first heap   total 262144K, used 31610K [0x0000000081400000, 0x0000000100000000)
  region size 1024K, 1 young (1024K), 1 survivors (1024K)
 Metaspace       used 34012K, capacity 36503K, committed 36864K, reserved 1081344K
  class space    used 3524K, capacity 4304K, committed 4480K, reserved 1048576K
GC Heap History (10 events):
Event: 11457.504 GC heap after
{Heap after GC invocations=94 (full 0):
 garbage-first heap   total 131072K, used 28200K [0x0000000081400000, 0x0000000100000000)
  region size 1024K, 1 young (1024K), 1 survivors (1024K)
 Metaspace       used 33971K, capacity 36383K, committed 36864K, reserved 1081344K
  class space    used 3514K, capacity 4264K, committed 4480K, reserved 1048576K
}
Event: 11460.774 GC heap before
{Heap before GC invocations=94 (full 0):
 garbage-first heap   total 131072K, used 38440K [0x0000000081400000, 0x0000000100000000)
  region size 1024K, 11 young (11264K), 1 survivors (1024K)
 Metaspace       used 33971K, capacity 36383K, committed 36864K, reserved 1081344K
  class space    used 3514K, capacity 4264K, committed 4480K, reserved 1048576K
}
Event: 11461.029 GC heap after
{Heap after GC invocations=95 (full 0):
 garbage-first heap   total 131072K, used 28921K [0x0000000081400000, 0x0000000100000000)
  region size 1024K, 2 young (2048K), 2 survivors (2048K)
 Metaspace       used 33971K, capacity 36383K, committed 36864K, reserved 1081344K
  class space    used 3514K, capacity 4264K, committed 4480K, reserved 1048576K
}
Event: 11461.054 GC heap before
{Heap before GC invocations=95 (full 0):
 garbage-first heap   total 131072K, used 40185K [0x0000000081400000, 0x0000000100000000)
  region size 1024K, 13 young (13312K), 2 survivors (2048K)
 Metaspace       used 33971K, capacity 36383K, committed 36864K, reserved 1081344K
  class space    used 3514K, capacity 4264K, committed 4480K, reserved 1048576K
}
Event: 11461.095 GC heap after
{Heap after GC invocations=96 (full 0):
 garbage-first heap   total 131072K, used 29923K [0x0000000081400000, 0x0000000100000000)
  region size 1024K, 2 young (2048K), 2 survivors (2048K)
 Metaspace       used 33971K, capacity 36383K, committed 36864K, reserved 1081344K
  class space    used 3514K, capacity 4264K, committed 4480K, reserved 1048576K
}
Event: 12212.002 GC heap before
{Heap before GC invocations=96 (full 0):
 garbage-first heap   total 131072K, used 47331K [0x0000000081400000, 0x0000000100000000)
  region size 1024K, 19 young (19456K), 2 survivors (2048K)
 Metaspace       used 34012K, capacity 36503K, committed 36864K, reserved 1081344K
  class space    used 3524K, capacity 4304K, committed 4480K, reserved 1048576K
}
Event: 12231.949 GC heap after
{Heap after GC invocations=97 (full 0):
 garbage-first heap   total 131072K, used 31035K [0x0000000081400000, 0x0000000100000000)
  region size 1024K, 3 young (3072K), 3 survivors (3072K)
 Metaspace       used 34012K, capacity 36503K, committed 36864K, reserved 1081344K
  class space    used 3524K, capacity 4304K, committed 4480K, reserved 1048576K
}
Event: 12256.700 GC heap before
{Heap before GC invocations=97 (full 0):
 garbage-first heap   total 131072K, used 34107K [0x0000000081400000, 0x0000000100000000)
  region size 1024K, 6 young (6144K), 3 survivors (3072K)
 Metaspace       used 34012K, capacity 36503K, committed 36864K, reserved 1081344K
  class space    used 3524K, capacity 4304K, committed 4480K, reserved 1048576K
}
Event: 12258.907 GC heap after
{Heap after GC invocations=98 (full 0):
 garbage-first heap   total 131072K, used 31459K [0x0000000081400000, 0x0000000100000000)
  region size 1024K, 1 young (1024K), 1 survivors (1024K)
 Metaspace       used 34012K, capacity 36503K, committed 36864K, reserved 1081344K
  class space    used 3524K, capacity 4304K, committed 4480K, reserved 1048576K
}
Event: 12279.313 GC heap before
{Heap before GC invocations=98 (full 0):
 garbage-first heap   total 131072K, used 36579K [0x0000000081400000, 0x0000000100000000)
  region size 1024K, 6 young (6144K), 1 survivors (1024K)
 Metaspace       used 34012K, capacity 36503K, committed 36864K, reserved 1081344K
  class space    used 3524K, capacity 4304K, committed 4480K, reserved 1048576K
}

