# JRE version: Java(TM) SE Runtime Environment (10.0.2+13) (build 10.0.2+13)
# Java VM: Java HotSpot(TM) 64-Bit Server VM (10.0.2+13, mixed mode, tiered, compressed oops, g1 gc, windows-amd64)
Heap:
 garbage-first heap   total 793600K, used 41072K [0x0000000081400000, 0x0000000100000000)
  region size 1024K, 2 young (2048K), 2 survivors (2048K)
 Metaspace       used 33051K, capacity 33764K, committed 36172K, reserved 1081344K
  class space    used 3285K, capacity 3565K, committed 4352K, reserved 1048576K
GC Heap History (10 events):
Event: 3784.401 GC heap after
{Heap after GC invocations=65 (full 0):
 garbage-first heap   total 312320K, used 38061K [0x0000000081400000, 0x0000000100000000)
  region size 1024K, 1 young (1024K), 1 survivors (1024K)
 Metaspace       used 33829K, capacity 35867K, committed 36172K, reserved 1081344K
  class space    used 3491K, capacity 4247K, committed 4352K, reserved 1048576K
}
Event: 3790.782 GC heap before
{Heap before GC invocations=65 (full 0):
 garbage-first heap   total 312320K, used 52397K [0x0000000081400000, 0x0000000100000000)
  region size 1024K, 15 young (15360K), 1 survivors (1024K)
 Metaspace       used 33829K, capacity 35867K, committed 36172K, reserved 1081344K
  class space    used 3491K, capacity 4247K, committed 4352K, reserved 1048576K
}
Event: 3791.777 GC heap after
{Heap after GC invocations=66 (full 0):
 garbage-first heap   total 312320K, used 38902K [0x0000000081400000, 0x0000000100000000)
  region size 1024K, 2 young (2048K), 2 survivors (2048K)
 Metaspace       used 33829K, capacity 35867K, committed 36172K, reserved 1081344K
  class space    used 3491K, capacity 4247K, committed 4352K, reserved 1048576K
}
Event: 3798.835 GC heap before
{Heap before GC invocations=66 (full 0):
 garbage-first heap   total 312320K, used 52214K [0x0000000081400000, 0x0000000100000000)
  region size 1024K, 15 young (15360K), 2 survivors (2048K)
 Metaspace       used 33829K, capacity 35867K, committed 36172K, reserved 1081344K
  class space    used 3491K, capacity 4247K, committed 4352K, reserved 1048576K
}
Event: 3798.839 GC heap after
{Heap after GC invocations=67 (full 0):
 garbage-first heap   total 312320K, used 39945K [0x0000000081400000, 0x0000000100000000)
  region size 1024K, 2 young (2048K), 2 survivors (2048K)
 Metaspace       used 33829K, capacity 35867K, committed 36172K, reserved 1081344K
  class space    used 3491K, capacity 4247K, committed 4352K, reserved 1048576K
}
Event: 3806.807 GC heap before
{Heap before GC invocations=67 (full 0):
 garbage-first heap   total 312320K, used 53257K [0x0000000081400000, 0x0000000100000000)
  region size 1024K, 15 young (15360K), 2 survivors (2048K)
 Metaspace       used 33829K, capacity 35867K, committed 36172K, reserved 1081344K
  class space    used 3491K, capacity 4247K, committed 4352K, reserved 1048576K
}
Event: 3806.813 GC heap after
{Heap after GC invocations=68 (full 0):
 garbage-first heap   total 312320K, used 40972K [0x0000000081400000, 0x0000000100000000)
  region size 1024K, 2 young (2048K), 2 survivors (2048K)
 Metaspace       used 33829K, capacity 35867K, committed 36172K, reserved 1081344K
  class space    used 3491K, capacity 4247K, committed 4352K, reserved 1048576K
}
Event: 3964.672 GC heap before
{Heap before GC invocations=69 (full 0):
 garbage-first heap   total 312320K, used 54284K [0x0000000081400000, 0x0000000100000000)
  region size 1024K, 15 young (15360K), 2 survivors (2048K)
 Metaspace       used 33051K, capacity 33764K, committed 36172K, reserved 1081344K
  class space    used 3285K, capacity 3565K, committed 4352K, reserved 1048576K
}
Event: 3965.479 GC heap after
{Heap after GC invocations=70 (full 0):
 garbage-first heap   total 312320K, used 42044K [0x0000000081400000, 0x0000000100000000)
  region size 1024K, 2 young (2048K), 2 survivors (2048K)
 Metaspace       used 33051K, capacity 33764K, committed 36172K, reserved 1081344K
  class space    used 3285K, capacity 3565K, committed 4352K, reserved 1048576K
}
Event: 3967.503 GC heap before
{Heap before GC invocations=70 (full 0):
 garbage-first heap   total 312320K, used 55356K [0x0000000081400000, 0x0000000100000000)
  region size 1024K, 15 young (15360K), 2 survivors (2048K)
 Metaspace       used 33051K, capacity 33764K, committed 36172K, reserved 1081344K
  class space    used 3285K, capacity 3565K, committed 4352K, reserved 1048576K
}

